<?xml version="1.0" encoding="UTF-8"?>
<!-- Generated by org.testng.reporters.JUnitXMLReporter -->
<testsuite hostname="DESKTOP-02QTJU3" ignored="0" name="Default test" tests="3" failures="0" timestamp="29 Jun 2017 19:22:24 GMT" time="0.79" errors="0">
  <testcase name="searchKeyword" time="0.231" classname="com.freeautomationlearning.Tutorial8a"/>
  <testcase name="searchKeyword" time="0.192" classname="com.freeautomationlearning.Tutorial8a"/>
  <testcase name="searchKeyword" time="0.327" classname="com.freeautomationlearning.Tutorial8a"/>
</testsuite> <!-- Default test -->
