<?xml version="1.0" encoding="UTF-8"?>
<!-- Generated by org.testng.reporters.JUnitXMLReporter -->
<testsuite hostname="DESKTOP-02QTJU3" ignored="0" name="Default test" tests="3" failures="0" timestamp="27 Jun 2017 18:28:27 GMT" time="0.065" errors="0">
  <testcase name="atest1" time="0.012" classname="com.freeautomationlearning.Tutorial6"/>
  <testcase name="ctest2" time="0.003" classname="com.freeautomationlearning.Tutorial6"/>
  <testcase name="btest3" time="0.002" classname="com.freeautomationlearning.Tutorial6"/>
</testsuite> <!-- Default test -->
