<?xml version="1.0" encoding="UTF-8"?>
<testng-results skipped="0" failed="0" ignored="0" total="1" passed="1">
  <reporter-output>
  </reporter-output>
  <suite name="Smoke" duration-ms="15678" started-at="2017-07-01T18:18:26Z" finished-at="2017-07-01T18:18:42Z">
    <groups>
    </groups>
    <test name="Window" duration-ms="15678" started-at="2017-07-01T18:18:26Z" finished-at="2017-07-01T18:18:42Z">
      <class name="com.freeautomationlearning.Tutorial11">
        <test-method status="PASS" signature="setUp(java.lang.String)[pri:0, instance:com.freeautomationlearning.Tutorial11@5f375618]" name="setUp" is-config="true" duration-ms="8131" started-at="2017-07-01T23:48:26Z" finished-at="2017-07-01T23:48:34Z">
          <params>
            <param index="0">
              <value>
                <![CDATA[Chrome]]>
              </value>
            </param>
          </params>
          <reporter-output>
          </reporter-output>
        </test-method> <!-- setUp -->
        <test-method status="PASS" signature="serachKeyWord()[pri:0, instance:com.freeautomationlearning.Tutorial11@5f375618]" name="serachKeyWord" duration-ms="6352" started-at="2017-07-01T23:48:34Z" finished-at="2017-07-01T23:48:41Z">
          <reporter-output>
          </reporter-output>
        </test-method> <!-- serachKeyWord -->
        <test-method status="PASS" signature="tearDown()[pri:0, instance:com.freeautomationlearning.Tutorial11@5f375618]" name="tearDown" is-config="true" duration-ms="1173" started-at="2017-07-01T23:48:41Z" finished-at="2017-07-01T23:48:42Z">
          <reporter-output>
          </reporter-output>
        </test-method> <!-- tearDown -->
      </class> <!-- com.freeautomationlearning.Tutorial11 -->
    </test> <!-- Window -->
  </suite> <!-- Smoke -->
</testng-results>
