<?xml version="1.0" encoding="UTF-8"?>
<testng-results skipped="0" failed="0" ignored="0" total="3" passed="3">
  <reporter-output>
  </reporter-output>
  <suite name="Default suite" duration-ms="65" started-at="2017-06-27T18:28:27Z" finished-at="2017-06-27T18:28:27Z">
    <groups>
    </groups>
    <test name="Default test" duration-ms="65" started-at="2017-06-27T18:28:27Z" finished-at="2017-06-27T18:28:27Z">
      <class name="com.freeautomationlearning.Tutorial6">
        <test-method status="PASS" signature="atest1()[pri:1, instance:com.freeautomationlearning.Tutorial6@2669b199]" name="atest1" duration-ms="12" started-at="2017-06-27T23:58:27Z" finished-at="2017-06-27T23:58:27Z">
          <reporter-output>
          </reporter-output>
        </test-method> <!-- atest1 -->
        <test-method status="PASS" signature="ctest2()[pri:2, instance:com.freeautomationlearning.Tutorial6@2669b199]" name="ctest2" duration-ms="3" started-at="2017-06-27T23:58:27Z" finished-at="2017-06-27T23:58:27Z">
          <reporter-output>
          </reporter-output>
        </test-method> <!-- ctest2 -->
        <test-method status="PASS" signature="btest3()[pri:3, instance:com.freeautomationlearning.Tutorial6@2669b199]" name="btest3" duration-ms="2" started-at="2017-06-27T23:58:27Z" finished-at="2017-06-27T23:58:27Z">
          <reporter-output>
          </reporter-output>
        </test-method> <!-- btest3 -->
      </class> <!-- com.freeautomationlearning.Tutorial6 -->
    </test> <!-- Default test -->
  </suite> <!-- Default suite -->
</testng-results>
