<?xml version="1.0" encoding="UTF-8"?>
<testng-results skipped="0" failed="0" ignored="0" total="1" passed="1">
  <reporter-output>
  </reporter-output>
  <suite name="Default suite" duration-ms="59" started-at="2017-06-21T18:06:31Z" finished-at="2017-06-21T18:06:31Z">
    <groups>
    </groups>
    <test name="Default test" duration-ms="59" started-at="2017-06-21T18:06:31Z" finished-at="2017-06-21T18:06:31Z">
      <class name="com.freeautomationlearning.Tutorial2">
        <test-method status="PASS" signature="firstTestNGRun()[pri:0, instance:com.freeautomationlearning.Tutorial2@4590c9c3]" name="firstTestNGRun" duration-ms="14" started-at="2017-06-21T23:36:31Z" finished-at="2017-06-21T23:36:31Z">
          <reporter-output>
          </reporter-output>
        </test-method> <!-- firstTestNGRun -->
      </class> <!-- com.freeautomationlearning.Tutorial2 -->
    </test> <!-- Default test -->
  </suite> <!-- Default suite -->
</testng-results>
