<?xml version="1.0" encoding="UTF-8"?>
<testng-results skipped="0" failed="0" ignored="0" total="3" passed="3">
  <reporter-output>
  </reporter-output>
  <suite name="Default suite" duration-ms="790" started-at="2017-06-29T19:22:24Z" finished-at="2017-06-29T19:22:24Z">
    <groups>
    </groups>
    <test name="Default test" duration-ms="790" started-at="2017-06-29T19:22:24Z" finished-at="2017-06-29T19:22:24Z">
      <class name="com.freeautomationlearning.Tutorial8a">
        <test-method status="PASS" signature="searchKeyword()[pri:0, instance:com.freeautomationlearning.Tutorial8a@169e6180]" name="searchKeyword" duration-ms="231" started-at="2017-06-30T00:52:24Z" finished-at="2017-06-30T00:52:24Z">
          <reporter-output>
          </reporter-output>
        </test-method> <!-- searchKeyword -->
        <test-method status="PASS" signature="searchKeyword()[pri:0, instance:com.freeautomationlearning.Tutorial8a@20ccf40b]" name="searchKeyword" duration-ms="192" started-at="2017-06-30T00:52:24Z" finished-at="2017-06-30T00:52:24Z">
          <reporter-output>
          </reporter-output>
        </test-method> <!-- searchKeyword -->
        <test-method status="PASS" signature="searchKeyword()[pri:0, instance:com.freeautomationlearning.Tutorial8a@2fb3536e]" name="searchKeyword" duration-ms="327" started-at="2017-06-30T00:52:24Z" finished-at="2017-06-30T00:52:24Z">
          <reporter-output>
          </reporter-output>
        </test-method> <!-- searchKeyword -->
      </class> <!-- com.freeautomationlearning.Tutorial8a -->
    </test> <!-- Default test -->
  </suite> <!-- Default suite -->
</testng-results>
