<?xml version="1.0" encoding="UTF-8"?>
<testng-results skipped="0" failed="0" ignored="0" total="1" passed="1">
  <reporter-output>
  </reporter-output>
  <suite name="Default suite" duration-ms="27215" started-at="2017-06-24T16:55:08Z" finished-at="2017-06-24T16:55:35Z">
    <groups>
    </groups>
    <test name="Default test" duration-ms="27215" started-at="2017-06-24T16:55:08Z" finished-at="2017-06-24T16:55:35Z">
      <class name="com.freeautomationlearning.Tutorial5">
        <test-method status="PASS" signature="setUP()[pri:0, instance:com.freeautomationlearning.Tutorial5@5f375618]" name="setUP" is-config="true" duration-ms="20783" started-at="2017-06-24T22:25:08Z" finished-at="2017-06-24T22:25:29Z">
          <reporter-output>
          </reporter-output>
        </test-method> <!-- setUP -->
        <test-method status="PASS" signature="verifyGmail()[pri:0, instance:com.freeautomationlearning.Tutorial5@5f375618]" name="verifyGmail" duration-ms="5431" started-at="2017-06-24T22:25:29Z" finished-at="2017-06-24T22:25:34Z">
          <reporter-output>
          </reporter-output>
        </test-method> <!-- verifyGmail -->
        <test-method status="PASS" signature="tearDown()[pri:0, instance:com.freeautomationlearning.Tutorial5@5f375618]" name="tearDown" is-config="true" duration-ms="978" started-at="2017-06-24T22:25:34Z" finished-at="2017-06-24T22:25:35Z">
          <reporter-output>
          </reporter-output>
        </test-method> <!-- tearDown -->
      </class> <!-- com.freeautomationlearning.Tutorial5 -->
    </test> <!-- Default test -->
  </suite> <!-- Default suite -->
</testng-results>
