<?xml version="1.0" encoding="UTF-8"?>
<testng-results skipped="0" failed="0" ignored="0" total="1" passed="1">
  <reporter-output>
  </reporter-output>
  <suite name="Default suite" duration-ms="1711" started-at="2017-07-05T18:19:13Z" finished-at="2017-07-05T18:19:14Z">
    <groups>
    </groups>
    <test name="Default test" duration-ms="1711" started-at="2017-07-05T18:19:13Z" finished-at="2017-07-05T18:19:14Z">
      <class name="com.freeautomationlearning.Tutorial14">
        <test-method status="PASS" signature="getResponseGoogleMaps()[pri:0, instance:com.freeautomationlearning.Tutorial14@7c0e2abd]" name="getResponseGoogleMaps" duration-ms="1687" started-at="2017-07-05T23:49:13Z" finished-at="2017-07-05T23:49:14Z">
          <reporter-output>
          </reporter-output>
        </test-method> <!-- getResponseGoogleMaps -->
      </class> <!-- com.freeautomationlearning.Tutorial14 -->
    </test> <!-- Default test -->
  </suite> <!-- Default suite -->
</testng-results>
